[   11837ms] [ERROR] Failed to load resource: the server responded with a status of 404 (Not Found) @ http://localhost:3000/app:0
[   12116ms] [INFO] %cDownload the React DevTools for a better development experience: https://react.dev/link/react-devtools font-weight:bold @ http://localhost:3000/_next/static/chunks/0fxd_next_dist_1_jg8jr._.js:2477
[   12170ms] [LOG] [HMR] connected @ http://localhost:3000/_next/static/chunks/0fxd_next_dist_1_jg8jr._.js:2477
[ 2720621ms] [LOG] [Fast Refresh] rebuilding @ http://localhost:3000/_next/static/chunks/0fxd_next_dist_1_jg8jr._.js:2477
[ 2721075ms] [LOG] [Fast Refresh] done in 581ms @ http://localhost:3000/_next/static/chunks/0fxd_next_dist_1_jg8jr._.js:2477
[ 2721221ms] [LOG] [Fast Refresh] rebuilding @ http://localhost:3000/_next/static/chunks/0fxd_next_dist_1_jg8jr._.js:2477
[ 2721491ms] [LOG] [Fast Refresh] done in 372ms @ http://localhost:3000/_next/static/chunks/0fxd_next_dist_1_jg8jr._.js:2477
[ 2740472ms] [LOG] [Fast Refresh] rebuilding @ http://localhost:3000/_next/static/chunks/0fxd_next_dist_1_jg8jr._.js:2477
[ 2740515ms] [LOG] [Fast Refresh] done in 146ms @ http://localhost:3000/_next/static/chunks/0fxd_next_dist_1_jg8jr._.js:2477
[ 2741110ms] [LOG] [Fast Refresh] rebuilding @ http://localhost:3000/_next/static/chunks/0fxd_next_dist_1_jg8jr._.js:2477
[ 2741156ms] [LOG] [Fast Refresh] done in 147ms @ http://localhost:3000/_next/static/chunks/0fxd_next_dist_1_jg8jr._.js:2477
[ 2743051ms] [LOG] [Fast Refresh] rebuilding @ http://localhost:3000/_next/static/chunks/0fxd_next_dist_1_jg8jr._.js:2477
[ 2743086ms] [LOG] [Fast Refresh] done in 137ms @ http://localhost:3000/_next/static/chunks/0fxd_next_dist_1_jg8jr._.js:2477
[ 2746487ms] [LOG] [Fast Refresh] rebuilding @ http://localhost:3000/_next/static/chunks/0fxd_next_dist_1_jg8jr._.js:2477
[ 2760492ms] [LOG] [Fast Refresh] done in 14106ms @ http://localhost:3000/_next/static/chunks/0fxd_next_dist_1_jg8jr._.js:2477
[ 2760737ms] [LOG] [Fast Refresh] rebuilding @ http://localhost:3000/_next/static/chunks/0fxd_next_dist_1_jg8jr._.js:2477
[ 2760826ms] [LOG] [Fast Refresh] done in 192ms @ http://localhost:3000/_next/static/chunks/0fxd_next_dist_1_jg8jr._.js:2477
[ 2765348ms] [LOG] [Fast Refresh] rebuilding @ http://localhost:3000/_next/static/chunks/0fxd_next_dist_1_jg8jr._.js:2477
[ 2774897ms] [LOG] [Fast Refresh] done in 9647ms @ http://localhost:3000/_next/static/chunks/0fxd_next_dist_1_jg8jr._.js:2477
[ 2780232ms] [LOG] [Fast Refresh] rebuilding @ http://localhost:3000/_next/static/chunks/0fxd_next_dist_1_jg8jr._.js:2477
[ 2781224ms] [LOG] [Fast Refresh] done in 1100ms @ http://localhost:3000/_next/static/chunks/0fxd_next_dist_1_jg8jr._.js:2477
[ 2794449ms] [LOG] [Fast Refresh] rebuilding @ http://localhost:3000/_next/static/chunks/0fxd_next_dist_1_jg8jr._.js:2477
[ 2794556ms] [LOG] [Fast Refresh] done in 209ms @ http://localhost:3000/_next/static/chunks/0fxd_next_dist_1_jg8jr._.js:2477
[ 2796117ms] [LOG] [Fast Refresh] rebuilding @ http://localhost:3000/_next/static/chunks/0fxd_next_dist_1_jg8jr._.js:2477
[ 2796158ms] [LOG] [Fast Refresh] done in 143ms @ http://localhost:3000/_next/static/chunks/0fxd_next_dist_1_jg8jr._.js:2477
[ 2867440ms] [LOG] [Fast Refresh] rebuilding @ http://localhost:3000/_next/static/chunks/0fxd_next_dist_1_jg8jr._.js:2477
[ 2867487ms] [LOG] [Fast Refresh] done in 150ms @ http://localhost:3000/_next/static/chunks/0fxd_next_dist_1_jg8jr._.js:2477
[ 2869820ms] [LOG] [Fast Refresh] rebuilding @ http://localhost:3000/_next/static/chunks/0fxd_next_dist_1_jg8jr._.js:2477
[ 2877880ms] [LOG] [Fast Refresh] done in 8162ms @ http://localhost:3000/_next/static/chunks/0fxd_next_dist_1_jg8jr._.js:2477
[ 2878180ms] [LOG] [Fast Refresh] rebuilding @ http://localhost:3000/_next/static/chunks/0fxd_next_dist_1_jg8jr._.js:2477
[ 2878316ms] [LOG] [Fast Refresh] done in 239ms @ http://localhost:3000/_next/static/chunks/0fxd_next_dist_1_jg8jr._.js:2477
[ 2915863ms] [ERROR] Failed to load resource: the server responded with a status of 503 (Service Unavailable) @ http://localhost:8080/api/v1/auth/login:0
[ 2918415ms] [LOG] [Fast Refresh] rebuilding @ http://localhost:3000/_next/static/chunks/0fxd_next_dist_1_jg8jr._.js:2477
[ 2918416ms] [LOG] [Fast Refresh] done in 101ms @ http://localhost:3000/_next/static/chunks/0fxd_next_dist_1_jg8jr._.js:2477
[ 2918577ms] [LOG] [Fast Refresh] rebuilding @ http://localhost:3000/_next/static/chunks/0fxd_next_dist_1_jg8jr._.js:2477
[ 2918714ms] [LOG] [Fast Refresh] done in 249ms @ http://localhost:3000/_next/static/chunks/0fxd_next_dist_1_jg8jr._.js:2477
[ 2919866ms] [ERROR] Failed to load resource: the server responded with a status of 503 (Service Unavailable) @ http://localhost:8080/api/v1/feature-flags:0
[ 2919874ms] [ERROR] Failed to load resource: the server responded with a status of 503 (Service Unavailable) @ http://localhost:8080/api/v1/branches/mine:0
[ 2922264ms] [ERROR] Failed to load resource: the server responded with a status of 503 (Service Unavailable) @ http://localhost:8080/api/v1/branches/mine:0
[ 2940717ms] [LOG] [Fast Refresh] rebuilding @ http://localhost:3000/_next/static/chunks/0fxd_next_dist_1_jg8jr._.js:2477
[ 2940720ms] [LOG] [Fast Refresh] done in 104ms @ http://localhost:3000/_next/static/chunks/0fxd_next_dist_1_jg8jr._.js:2477
[ 2957094ms] [LOG] [Fast Refresh] rebuilding @ http://localhost:3000/_next/static/chunks/0fxd_next_dist_1_jg8jr._.js:2477
[ 2957361ms] [LOG] [Fast Refresh] done in 368ms @ http://localhost:3000/_next/static/chunks/0fxd_next_dist_1_jg8jr._.js:2477
[ 2957575ms] [WARNING] WebSocket connection to 'ws://localhost:8080/api/v1/pos/ws/orders/b0000001-0000-4000-8000-000000000001?token=eyJraWQiOiJkZXYta2V5LTEiLCJhbGciOiJSUzI1NiJ9.eyJqdGkiOiJkNGY0NmFmMS00NzA2LTRlNmQtOGZiMC0wYmQ4YWY3MTU1ZGUiLCJzdWIiOiJjMDAwMDAxMS0wMDAwLTQwMDAtODAwMC0wMDAwMDAwMDAwMTEiLCJ0ZW5hbnRfaWQiOiJhMDAwMDAwMS0wMDAwLTQwMDAtODAwMC0wMDAwMDAwMDAwMDEiLCJicmFuY2hfaWQiOiJiMDAwMDAwMS0wMDAwLTQwMDAtODAwMC0wMDAwMDAwMDAwMDEiLCJyb2xlcyI6WyJNQU5BR0VSIl0sInBlcm1pc3Npb25zIjpbImZpbmFuY2UuYXIudmlldyIsImZpbmFuY2UuZXhwZW5zZS5hcHByb3ZlIiwiaW52ZW50b3J5Lml0ZW...i5wby5jcmVhdGUiLCJ2ZW5kb3IucG8uc2VuZCIsInZlbmRvci52aWV3Il0sImF0dHJpYnV0ZXMiOnsiYXBwcm92YWxfbGltaXRfcGFpc2EiOjMwMDAwMDAwfSwiaWF0IjoxNzg0NjU4NTU3LCJleHAiOjE3ODQ2NTk0NTd9.T0v_aYYDc5xtfK5Hu6T70BNBhUDfPIF3VuqyQlbEi-PZlWaTp0Ozf7iG-RBz0H4Ile8wGwWyRimg_dvNYkEAKJEtLMxutgmD1AOsgIGwg5b2ar2ptOd8a5KXgtdXm3BFu6GbXm-yeocQT-LeK4C4i0Htswbx6IwPjQnfEsCxhGohwMR5FayoBYcQpnzKuuYOSJ_Zs9IioXXII_NavSkDk8ZsLl4PYeS6OHStfLXOsnKumU2pT3v4gfHtS7GpYbVB48XJ-L8dMj-50ek2IBS9Axcrdi5y8DubRPEcpVMr0tGfMpgeO99cgbi-YPDfQo09jC4-CB1VRYE-esLXXfIDKA' failed: WebSocket is closed before the connection is established. @ http://localhost:3000/_next/static/chunks/_06_d8es._.js:7409
[ 2957598ms] [LOG] [Fast Refresh] rebuilding @ http://localhost:3000/_next/static/chunks/0fxd_next_dist_1_jg8jr._.js:2477
[ 2957780ms] [ERROR] WebSocket connection to 'ws://localhost:8080/api/v1/pos/ws/orders/b0000001-0000-4000-8000-000000000001?token=eyJraWQiOiJkZXYta2V5LTEiLCJhbGciOiJSUzI1NiJ9.eyJqdGkiOiJkNGY0NmFmMS00NzA2LTRlNmQtOGZiMC0wYmQ4YWY3MTU1ZGUiLCJzdWIiOiJjMDAwMDAxMS0wMDAwLTQwMDAtODAwMC0wMDAwMDAwMDAwMTEiLCJ0ZW5hbnRfaWQiOiJhMDAwMDAwMS0wMDAwLTQwMDAtODAwMC0wMDAwMDAwMDAwMDEiLCJicmFuY2hfaWQiOiJiMDAwMDAwMS0wMDAwLTQwMDAtODAwMC0wMDAwMDAwMDAwMDEiLCJyb2xlcyI6WyJNQU5BR0VSIl0sInBlcm1pc3Npb25zIjpbImZpbmFuY2UuYXIudmlldyIsImZpbmFuY2UuZXhwZW5zZS5hcHByb3ZlIiwiaW52ZW50b3J5Lml0ZW...i5wby5jcmVhdGUiLCJ2ZW5kb3IucG8uc2VuZCIsInZlbmRvci52aWV3Il0sImF0dHJpYnV0ZXMiOnsiYXBwcm92YWxfbGltaXRfcGFpc2EiOjMwMDAwMDAwfSwiaWF0IjoxNzg0NjU4NTU3LCJleHAiOjE3ODQ2NTk0NTd9.T0v_aYYDc5xtfK5Hu6T70BNBhUDfPIF3VuqyQlbEi-PZlWaTp0Ozf7iG-RBz0H4Ile8wGwWyRimg_dvNYkEAKJEtLMxutgmD1AOsgIGwg5b2ar2ptOd8a5KXgtdXm3BFu6GbXm-yeocQT-LeK4C4i0Htswbx6IwPjQnfEsCxhGohwMR5FayoBYcQpnzKuuYOSJ_Zs9IioXXII_NavSkDk8ZsLl4PYeS6OHStfLXOsnKumU2pT3v4gfHtS7GpYbVB48XJ-L8dMj-50ek2IBS9Axcrdi5y8DubRPEcpVMr0tGfMpgeO99cgbi-YPDfQo09jC4-CB1VRYE-esLXXfIDKA' failed: HTTP Authentication failed; no valid credentials available @ http://localhost:3000/_next/static/chunks/_06_d8es._.js:7359
[ 2957838ms] [LOG] [Fast Refresh] done in 362ms @ http://localhost:3000/_next/static/chunks/0fxd_next_dist_1_jg8jr._.js:2477
[ 2958815ms] [ERROR] WebSocket connection to 'ws://localhost:8080/api/v1/pos/ws/orders/b0000001-0000-4000-8000-000000000001?token=eyJraWQiOiJkZXYta2V5LTEiLCJhbGciOiJSUzI1NiJ9.eyJqdGkiOiJkNGY0NmFmMS00NzA2LTRlNmQtOGZiMC0wYmQ4YWY3MTU1ZGUiLCJzdWIiOiJjMDAwMDAxMS0wMDAwLTQwMDAtODAwMC0wMDAwMDAwMDAwMTEiLCJ0ZW5hbnRfaWQiOiJhMDAwMDAwMS0wMDAwLTQwMDAtODAwMC0wMDAwMDAwMDAwMDEiLCJicmFuY2hfaWQiOiJiMDAwMDAwMS0wMDAwLTQwMDAtODAwMC0wMDAwMDAwMDAwMDEiLCJyb2xlcyI6WyJNQU5BR0VSIl0sInBlcm1pc3Npb25zIjpbImZpbmFuY2UuYXIudmlldyIsImZpbmFuY2UuZXhwZW5zZS5hcHByb3ZlIiwiaW52ZW50b3J5Lml0ZW...i5wby5jcmVhdGUiLCJ2ZW5kb3IucG8uc2VuZCIsInZlbmRvci52aWV3Il0sImF0dHJpYnV0ZXMiOnsiYXBwcm92YWxfbGltaXRfcGFpc2EiOjMwMDAwMDAwfSwiaWF0IjoxNzg0NjU4NTU3LCJleHAiOjE3ODQ2NTk0NTd9.T0v_aYYDc5xtfK5Hu6T70BNBhUDfPIF3VuqyQlbEi-PZlWaTp0Ozf7iG-RBz0H4Ile8wGwWyRimg_dvNYkEAKJEtLMxutgmD1AOsgIGwg5b2ar2ptOd8a5KXgtdXm3BFu6GbXm-yeocQT-LeK4C4i0Htswbx6IwPjQnfEsCxhGohwMR5FayoBYcQpnzKuuYOSJ_Zs9IioXXII_NavSkDk8ZsLl4PYeS6OHStfLXOsnKumU2pT3v4gfHtS7GpYbVB48XJ-L8dMj-50ek2IBS9Axcrdi5y8DubRPEcpVMr0tGfMpgeO99cgbi-YPDfQo09jC4-CB1VRYE-esLXXfIDKA' failed: HTTP Authentication failed; no valid credentials available @ http://localhost:3000/_next/static/chunks/_06_d8es._.js:7359
[ 2958884ms] [ERROR] Failed to load resource: the server responded with a status of 503 (Service Unavailable) @ http://localhost:8080/api/v1/pos/menu/items?branchId=b0000001-0000-4000-8000-000000000001:0
[ 2958885ms] [ERROR] Failed to load resource: the server responded with a status of 503 (Service Unavailable) @ http://localhost:8080/api/v1/pos/menu/categories:0
[ 2958886ms] [ERROR] Failed to load resource: the server responded with a status of 503 (Service Unavailable) @ http://localhost:8080/api/v1/pos/tables?branchId=b0000001-0000-4000-8000-000000000001:0
[ 2958887ms] [ERROR] Failed to load resource: the server responded with a status of 503 (Service Unavailable) @ http://localhost:8080/api/v1/pos/tills?cashierId=c0000011-0000-4000-8000-000000000011&status=OPEN:0
[ 2960828ms] [ERROR] WebSocket connection to 'ws://localhost:8080/api/v1/pos/ws/orders/b0000001-0000-4000-8000-000000000001?token=eyJraWQiOiJkZXYta2V5LTEiLCJhbGciOiJSUzI1NiJ9.eyJqdGkiOiJkNGY0NmFmMS00NzA2LTRlNmQtOGZiMC0wYmQ4YWY3MTU1ZGUiLCJzdWIiOiJjMDAwMDAxMS0wMDAwLTQwMDAtODAwMC0wMDAwMDAwMDAwMTEiLCJ0ZW5hbnRfaWQiOiJhMDAwMDAwMS0wMDAwLTQwMDAtODAwMC0wMDAwMDAwMDAwMDEiLCJicmFuY2hfaWQiOiJiMDAwMDAwMS0wMDAwLTQwMDAtODAwMC0wMDAwMDAwMDAwMDEiLCJyb2xlcyI6WyJNQU5BR0VSIl0sInBlcm1pc3Npb25zIjpbImZpbmFuY2UuYXIudmlldyIsImZpbmFuY2UuZXhwZW5zZS5hcHByb3ZlIiwiaW52ZW50b3J5Lml0ZW...i5wby5jcmVhdGUiLCJ2ZW5kb3IucG8uc2VuZCIsInZlbmRvci52aWV3Il0sImF0dHJpYnV0ZXMiOnsiYXBwcm92YWxfbGltaXRfcGFpc2EiOjMwMDAwMDAwfSwiaWF0IjoxNzg0NjU4NTU3LCJleHAiOjE3ODQ2NTk0NTd9.T0v_aYYDc5xtfK5Hu6T70BNBhUDfPIF3VuqyQlbEi-PZlWaTp0Ozf7iG-RBz0H4Ile8wGwWyRimg_dvNYkEAKJEtLMxutgmD1AOsgIGwg5b2ar2ptOd8a5KXgtdXm3BFu6GbXm-yeocQT-LeK4C4i0Htswbx6IwPjQnfEsCxhGohwMR5FayoBYcQpnzKuuYOSJ_Zs9IioXXII_NavSkDk8ZsLl4PYeS6OHStfLXOsnKumU2pT3v4gfHtS7GpYbVB48XJ-L8dMj-50ek2IBS9Axcrdi5y8DubRPEcpVMr0tGfMpgeO99cgbi-YPDfQo09jC4-CB1VRYE-esLXXfIDKA' failed: HTTP Authentication failed; no valid credentials available @ http://localhost:3000/_next/static/chunks/_06_d8es._.js:7359
[ 2964857ms] [ERROR] WebSocket connection to 'ws://localhost:8080/api/v1/pos/ws/orders/b0000001-0000-4000-8000-000000000001?token=eyJraWQiOiJkZXYta2V5LTEiLCJhbGciOiJSUzI1NiJ9.eyJqdGkiOiJkNGY0NmFmMS00NzA2LTRlNmQtOGZiMC0wYmQ4YWY3MTU1ZGUiLCJzdWIiOiJjMDAwMDAxMS0wMDAwLTQwMDAtODAwMC0wMDAwMDAwMDAwMTEiLCJ0ZW5hbnRfaWQiOiJhMDAwMDAwMS0wMDAwLTQwMDAtODAwMC0wMDAwMDAwMDAwMDEiLCJicmFuY2hfaWQiOiJiMDAwMDAwMS0wMDAwLTQwMDAtODAwMC0wMDAwMDAwMDAwMDEiLCJyb2xlcyI6WyJNQU5BR0VSIl0sInBlcm1pc3Npb25zIjpbImZpbmFuY2UuYXIudmlldyIsImZpbmFuY2UuZXhwZW5zZS5hcHByb3ZlIiwiaW52ZW50b3J5Lml0ZW...i5wby5jcmVhdGUiLCJ2ZW5kb3IucG8uc2VuZCIsInZlbmRvci52aWV3Il0sImF0dHJpYnV0ZXMiOnsiYXBwcm92YWxfbGltaXRfcGFpc2EiOjMwMDAwMDAwfSwiaWF0IjoxNzg0NjU4NTU3LCJleHAiOjE3ODQ2NTk0NTd9.T0v_aYYDc5xtfK5Hu6T70BNBhUDfPIF3VuqyQlbEi-PZlWaTp0Ozf7iG-RBz0H4Ile8wGwWyRimg_dvNYkEAKJEtLMxutgmD1AOsgIGwg5b2ar2ptOd8a5KXgtdXm3BFu6GbXm-yeocQT-LeK4C4i0Htswbx6IwPjQnfEsCxhGohwMR5FayoBYcQpnzKuuYOSJ_Zs9IioXXII_NavSkDk8ZsLl4PYeS6OHStfLXOsnKumU2pT3v4gfHtS7GpYbVB48XJ-L8dMj-50ek2IBS9Axcrdi5y8DubRPEcpVMr0tGfMpgeO99cgbi-YPDfQo09jC4-CB1VRYE-esLXXfIDKA' failed: HTTP Authentication failed; no valid credentials available @ http://localhost:3000/_next/static/chunks/_06_d8es._.js:7359
[ 2972903ms] [ERROR] WebSocket connection to 'ws://localhost:8080/api/v1/pos/ws/orders/b0000001-0000-4000-8000-000000000001?token=eyJraWQiOiJkZXYta2V5LTEiLCJhbGciOiJSUzI1NiJ9.eyJqdGkiOiJkNGY0NmFmMS00NzA2LTRlNmQtOGZiMC0wYmQ4YWY3MTU1ZGUiLCJzdWIiOiJjMDAwMDAxMS0wMDAwLTQwMDAtODAwMC0wMDAwMDAwMDAwMTEiLCJ0ZW5hbnRfaWQiOiJhMDAwMDAwMS0wMDAwLTQwMDAtODAwMC0wMDAwMDAwMDAwMDEiLCJicmFuY2hfaWQiOiJiMDAwMDAwMS0wMDAwLTQwMDAtODAwMC0wMDAwMDAwMDAwMDEiLCJyb2xlcyI6WyJNQU5BR0VSIl0sInBlcm1pc3Npb25zIjpbImZpbmFuY2UuYXIudmlldyIsImZpbmFuY2UuZXhwZW5zZS5hcHByb3ZlIiwiaW52ZW50b3J5Lml0ZW...i5wby5jcmVhdGUiLCJ2ZW5kb3IucG8uc2VuZCIsInZlbmRvci52aWV3Il0sImF0dHJpYnV0ZXMiOnsiYXBwcm92YWxfbGltaXRfcGFpc2EiOjMwMDAwMDAwfSwiaWF0IjoxNzg0NjU4NTU3LCJleHAiOjE3ODQ2NTk0NTd9.T0v_aYYDc5xtfK5Hu6T70BNBhUDfPIF3VuqyQlbEi-PZlWaTp0Ozf7iG-RBz0H4Ile8wGwWyRimg_dvNYkEAKJEtLMxutgmD1AOsgIGwg5b2ar2ptOd8a5KXgtdXm3BFu6GbXm-yeocQT-LeK4C4i0Htswbx6IwPjQnfEsCxhGohwMR5FayoBYcQpnzKuuYOSJ_Zs9IioXXII_NavSkDk8ZsLl4PYeS6OHStfLXOsnKumU2pT3v4gfHtS7GpYbVB48XJ-L8dMj-50ek2IBS9Axcrdi5y8DubRPEcpVMr0tGfMpgeO99cgbi-YPDfQo09jC4-CB1VRYE-esLXXfIDKA' failed: HTTP Authentication failed; no valid credentials available @ http://localhost:3000/_next/static/chunks/_06_d8es._.js:7359
[ 2988946ms] [ERROR] WebSocket connection to 'ws://localhost:8080/api/v1/pos/ws/orders/b0000001-0000-4000-8000-000000000001?token=eyJraWQiOiJkZXYta2V5LTEiLCJhbGciOiJSUzI1NiJ9.eyJqdGkiOiJkNGY0NmFmMS00NzA2LTRlNmQtOGZiMC0wYmQ4YWY3MTU1ZGUiLCJzdWIiOiJjMDAwMDAxMS0wMDAwLTQwMDAtODAwMC0wMDAwMDAwMDAwMTEiLCJ0ZW5hbnRfaWQiOiJhMDAwMDAwMS0wMDAwLTQwMDAtODAwMC0wMDAwMDAwMDAwMDEiLCJicmFuY2hfaWQiOiJiMDAwMDAwMS0wMDAwLTQwMDAtODAwMC0wMDAwMDAwMDAwMDEiLCJyb2xlcyI6WyJNQU5BR0VSIl0sInBlcm1pc3Npb25zIjpbImZpbmFuY2UuYXIudmlldyIsImZpbmFuY2UuZXhwZW5zZS5hcHByb3ZlIiwiaW52ZW50b3J5Lml0ZW...i5wby5jcmVhdGUiLCJ2ZW5kb3IucG8uc2VuZCIsInZlbmRvci52aWV3Il0sImF0dHJpYnV0ZXMiOnsiYXBwcm92YWxfbGltaXRfcGFpc2EiOjMwMDAwMDAwfSwiaWF0IjoxNzg0NjU4NTU3LCJleHAiOjE3ODQ2NTk0NTd9.T0v_aYYDc5xtfK5Hu6T70BNBhUDfPIF3VuqyQlbEi-PZlWaTp0Ozf7iG-RBz0H4Ile8wGwWyRimg_dvNYkEAKJEtLMxutgmD1AOsgIGwg5b2ar2ptOd8a5KXgtdXm3BFu6GbXm-yeocQT-LeK4C4i0Htswbx6IwPjQnfEsCxhGohwMR5FayoBYcQpnzKuuYOSJ_Zs9IioXXII_NavSkDk8ZsLl4PYeS6OHStfLXOsnKumU2pT3v4gfHtS7GpYbVB48XJ-L8dMj-50ek2IBS9Axcrdi5y8DubRPEcpVMr0tGfMpgeO99cgbi-YPDfQo09jC4-CB1VRYE-esLXXfIDKA' failed: HTTP Authentication failed; no valid credentials available @ http://localhost:3000/_next/static/chunks/_06_d8es._.js:7359
[ 3013962ms] [LOG] [Fast Refresh] rebuilding @ http://localhost:3000/_next/static/chunks/0fxd_next_dist_1_jg8jr._.js:2477
[ 3018998ms] [ERROR] WebSocket connection to 'ws://localhost:8080/api/v1/pos/ws/orders/b0000001-0000-4000-8000-000000000001?token=eyJraWQiOiJkZXYta2V5LTEiLCJhbGciOiJSUzI1NiJ9.eyJqdGkiOiJkNGY0NmFmMS00NzA2LTRlNmQtOGZiMC0wYmQ4YWY3MTU1ZGUiLCJzdWIiOiJjMDAwMDAxMS0wMDAwLTQwMDAtODAwMC0wMDAwMDAwMDAwMTEiLCJ0ZW5hbnRfaWQiOiJhMDAwMDAwMS0wMDAwLTQwMDAtODAwMC0wMDAwMDAwMDAwMDEiLCJicmFuY2hfaWQiOiJiMDAwMDAwMS0wMDAwLTQwMDAtODAwMC0wMDAwMDAwMDAwMDEiLCJyb2xlcyI6WyJNQU5BR0VSIl0sInBlcm1pc3Npb25zIjpbImZpbmFuY2UuYXIudmlldyIsImZpbmFuY2UuZXhwZW5zZS5hcHByb3ZlIiwiaW52ZW50b3J5Lml0ZW...i5wby5jcmVhdGUiLCJ2ZW5kb3IucG8uc2VuZCIsInZlbmRvci52aWV3Il0sImF0dHJpYnV0ZXMiOnsiYXBwcm92YWxfbGltaXRfcGFpc2EiOjMwMDAwMDAwfSwiaWF0IjoxNzg0NjU4NTU3LCJleHAiOjE3ODQ2NTk0NTd9.T0v_aYYDc5xtfK5Hu6T70BNBhUDfPIF3VuqyQlbEi-PZlWaTp0Ozf7iG-RBz0H4Ile8wGwWyRimg_dvNYkEAKJEtLMxutgmD1AOsgIGwg5b2ar2ptOd8a5KXgtdXm3BFu6GbXm-yeocQT-LeK4C4i0Htswbx6IwPjQnfEsCxhGohwMR5FayoBYcQpnzKuuYOSJ_Zs9IioXXII_NavSkDk8ZsLl4PYeS6OHStfLXOsnKumU2pT3v4gfHtS7GpYbVB48XJ-L8dMj-50ek2IBS9Axcrdi5y8DubRPEcpVMr0tGfMpgeO99cgbi-YPDfQo09jC4-CB1VRYE-esLXXfIDKA' failed: HTTP Authentication failed; no valid credentials available @ http://localhost:3000/_next/static/chunks/_06_d8es._.js:7359
[ 3025526ms] [LOG] [Fast Refresh] done in 11666ms @ http://localhost:3000/_next/static/chunks/0fxd_next_dist_1_jg8jr._.js:2477
[ 3026574ms] [LOG] [Fast Refresh] rebuilding @ http://localhost:3000/_next/static/chunks/0fxd_next_dist_1_jg8jr._.js:2477
[ 3026589ms] [LOG] [Fast Refresh] done in 129ms @ http://localhost:3000/_next/static/chunks/0fxd_next_dist_1_jg8jr._.js:2477
[ 3216970ms] [ERROR] Failed to load resource: the server responded with a status of 503 (Service Unavailable) @ http://localhost:8080/api/v1/pos/orders/edb55ce1-cfb0-4778-ae5d-e6d880441142/payments:0
[ 3442291ms] [LOG] [Fast Refresh] rebuilding @ http://localhost:3000/_next/static/chunks/0fxd_next_dist_1_jg8jr._.js:2477
[ 3442393ms] [LOG] [Fast Refresh] done in 206ms @ http://localhost:3000/_next/static/chunks/0fxd_next_dist_1_jg8jr._.js:2477
[ 3452088ms] [LOG] [Fast Refresh] rebuilding @ http://localhost:3000/_next/static/chunks/0fxd_next_dist_1_jg8jr._.js:2477
[ 3452137ms] [LOG] [Fast Refresh] done in 150ms @ http://localhost:3000/_next/static/chunks/0fxd_next_dist_1_jg8jr._.js:2477
[ 3452276ms] [LOG] [Fast Refresh] rebuilding @ http://localhost:3000/_next/static/chunks/0fxd_next_dist_1_jg8jr._.js:2477
[ 3452482ms] [LOG] [Fast Refresh] done in 306ms @ http://localhost:3000/_next/static/chunks/0fxd_next_dist_1_jg8jr._.js:2477
[ 3454731ms] [LOG] [Fast Refresh] rebuilding @ http://localhost:3000/_next/static/chunks/0fxd_next_dist_1_jg8jr._.js:2477
[ 3454805ms] [LOG] [Fast Refresh] done in 176ms @ http://localhost:3000/_next/static/chunks/0fxd_next_dist_1_jg8jr._.js:2477
[ 3477321ms] [LOG] [Fast Refresh] rebuilding @ http://localhost:3000/_next/static/chunks/0fxd_next_dist_1_jg8jr._.js:2477
[ 3486935ms] [LOG] [Fast Refresh] done in 9715ms @ http://localhost:3000/_next/static/chunks/0fxd_next_dist_1_jg8jr._.js:2477
[ 3487044ms] [LOG] [Fast Refresh] rebuilding @ http://localhost:3000/_next/static/chunks/0fxd_next_dist_1_jg8jr._.js:2477
[ 3487045ms] [LOG] [Fast Refresh] done in 102ms @ http://localhost:3000/_next/static/chunks/0fxd_next_dist_1_jg8jr._.js:2477
[ 3488062ms] [LOG] [Fast Refresh] rebuilding @ http://localhost:3000/_next/static/chunks/0fxd_next_dist_1_jg8jr._.js:2477
[ 3488098ms] [LOG] [Fast Refresh] done in 137ms @ http://localhost:3000/_next/static/chunks/0fxd_next_dist_1_jg8jr._.js:2477
[ 3510735ms] [LOG] [Fast Refresh] rebuilding @ http://localhost:3000/_next/static/chunks/0fxd_next_dist_1_jg8jr._.js:2477
[ 3510996ms] [LOG] [Fast Refresh] done in 365ms @ http://localhost:3000/_next/static/chunks/0fxd_next_dist_1_jg8jr._.js:2477
[ 3523631ms] [WARNING] WebSocket connection to 'ws://localhost:8080/api/v1/kitchen/kds/b0000001-0000-4000-8000-000000000001/DEFAULT?token=eyJraWQiOiJkZXYta2V5LTEiLCJhbGciOiJSUzI1NiJ9.eyJqdGkiOiJkNGY0NmFmMS00NzA2LTRlNmQtOGZiMC0wYmQ4YWY3MTU1ZGUiLCJzdWIiOiJjMDAwMDAxMS0wMDAwLTQwMDAtODAwMC0wMDAwMDAwMDAwMTEiLCJ0ZW5hbnRfaWQiOiJhMDAwMDAwMS0wMDAwLTQwMDAtODAwMC0wMDAwMDAwMDAwMDEiLCJicmFuY2hfaWQiOiJiMDAwMDAwMS0wMDAwLTQwMDAtODAwMC0wMDAwMDAwMDAwMDEiLCJyb2xlcyI6WyJNQU5BR0VSIl0sInBlcm1pc3Npb25zIjpbImZpbmFuY2UuYXIudmlldyIsImZpbmFuY2UuZXhwZW5zZS5hcHByb3ZlIiwiaW52ZW50b3J5...i5wby5jcmVhdGUiLCJ2ZW5kb3IucG8uc2VuZCIsInZlbmRvci52aWV3Il0sImF0dHJpYnV0ZXMiOnsiYXBwcm92YWxfbGltaXRfcGFpc2EiOjMwMDAwMDAwfSwiaWF0IjoxNzg0NjU4NTU3LCJleHAiOjE3ODQ2NTk0NTd9.T0v_aYYDc5xtfK5Hu6T70BNBhUDfPIF3VuqyQlbEi-PZlWaTp0Ozf7iG-RBz0H4Ile8wGwWyRimg_dvNYkEAKJEtLMxutgmD1AOsgIGwg5b2ar2ptOd8a5KXgtdXm3BFu6GbXm-yeocQT-LeK4C4i0Htswbx6IwPjQnfEsCxhGohwMR5FayoBYcQpnzKuuYOSJ_Zs9IioXXII_NavSkDk8ZsLl4PYeS6OHStfLXOsnKumU2pT3v4gfHtS7GpYbVB48XJ-L8dMj-50ek2IBS9Axcrdi5y8DubRPEcpVMr0tGfMpgeO99cgbi-YPDfQo09jC4-CB1VRYE-esLXXfIDKA' failed: WebSocket is closed before the connection is established. @ http://localhost:3000/_next/static/chunks/_1n81tln._.js:547
[ 3646625ms] [LOG] [Fast Refresh] rebuilding @ http://localhost:3000/_next/static/chunks/0fxd_next_dist_1_jg8jr._.js:2477
[ 3646762ms] [LOG] [Fast Refresh] done in 241ms @ http://localhost:3000/_next/static/chunks/0fxd_next_dist_1_jg8jr._.js:2477
[ 3647475ms] [LOG] [Fast Refresh] rebuilding @ http://localhost:3000/_next/static/chunks/0fxd_next_dist_1_jg8jr._.js:2477
[ 3647549ms] [LOG] [Fast Refresh] done in 177ms @ http://localhost:3000/_next/static/chunks/0fxd_next_dist_1_jg8jr._.js:2477
[ 3820526ms] [ERROR] Failed to load resource: the server responded with a status of 401 (Unauthorized) @ http://localhost:8080/api/v1/kitchen/kds/tickets?branchId=b0000001-0000-4000-8000-000000000001&status=PENDING,COOKING,READY&stationCode=DEFAULT:0
[ 3820638ms] [ERROR] Failed to load resource: the server responded with a status of 401 (Unauthorized) @ http://localhost:8080/api/v1/auth/refresh:0
[ 3821054ms] [INFO] %cDownload the React DevTools for a better development experience: https://react.dev/link/react-devtools font-weight:bold @ http://localhost:3000/_next/static/chunks/0fxd_next_dist_1_jg8jr._.js:2477
[ 3821117ms] [LOG] [HMR] connected @ http://localhost:3000/_next/static/chunks/0fxd_next_dist_1_jg8jr._.js:2477
[ 5056579ms] [LOG] [Fast Refresh] rebuilding @ http://localhost:3000/_next/static/chunks/0fxd_next_dist_1_jg8jr._.js:2477
[ 5056711ms] [LOG] [Fast Refresh] done in 248ms @ http://localhost:3000/_next/static/chunks/0fxd_next_dist_1_jg8jr._.js:2477
[ 5056876ms] [LOG] [Fast Refresh] rebuilding @ http://localhost:3000/_next/static/chunks/0fxd_next_dist_1_jg8jr._.js:2477
[ 5057045ms] [LOG] [Fast Refresh] done in 271ms @ http://localhost:3000/_next/static/chunks/0fxd_next_dist_1_jg8jr._.js:2477
[ 5067246ms] [WARNING] WebSocket connection to 'ws://localhost:8080/api/v1/kitchen/kds/b0000001-0000-4000-8000-000000000001/DEFAULT?token=eyJraWQiOiJkZXYta2V5LTEiLCJhbGciOiJSUzI1NiJ9.eyJqdGkiOiJiMTAzMjQ0NS1hZmViLTQ3YzMtYWNmZi02MTVmYmEwMWViYzMiLCJzdWIiOiJjMDAwMDAxMS0wMDAwLTQwMDAtODAwMC0wMDAwMDAwMDAwMTEiLCJ0ZW5hbnRfaWQiOiJhMDAwMDAwMS0wMDAwLTQwMDAtODAwMC0wMDAwMDAwMDAwMDEiLCJicmFuY2hfaWQiOiJiMDAwMDAwMS0wMDAwLTQwMDAtODAwMC0wMDAwMDAwMDAwMDEiLCJyb2xlcyI6WyJNQU5BR0VSIl0sInBlcm1pc3Npb25zIjpbImZpbmFuY2UuYXIudmlldyIsImZpbmFuY2UuZXhwZW5zZS5hcHByb3ZlIiwiaW52ZW50b3J5...i5wby5jcmVhdGUiLCJ2ZW5kb3IucG8uc2VuZCIsInZlbmRvci52aWV3Il0sImF0dHJpYnV0ZXMiOnsiYXBwcm92YWxfbGltaXRfcGFpc2EiOjMwMDAwMDAwfSwiaWF0IjoxNzg0NjYwNzAyLCJleHAiOjE3ODQ2NjE2MDJ9.AVimnnqvAtxtGCYl4PItYdfZ7P8I5LF-y-3JRe91isulnCKkbm5ChJ4jNLbAGSfR7kc6RdIhakVkUjgalxCKyfpz9q_q60eggFiun2DNCb3H0agNukcGONO37x0MCp77DnVDF0PMscCl9jj-7RaTnPga6JZ-OGHVdw7ajNl08uEbzimOru7YZ18Fol9k9ZMv3DOdFVYndJUG8-xx4TaPAr65wgU_aWQ_t2kpws365W4-UDDzS59HUT2CCb3poy1E1Q1FHklym0R0PuWQtkZ9fV1ggKobKaj0OB6bR7xscVcfupbPgE0_KGEwBK1Q5tpg2J3WnaSm6gFRDCcoQvjPdA' failed: WebSocket is closed before the connection is established. @ http://localhost:3000/_next/static/chunks/_1n81tln._.js:547
[ 5085934ms] [LOG] [Fast Refresh] rebuilding @ http://localhost:3000/_next/static/chunks/0fxd_next_dist_1_jg8jr._.js:2477
[ 5085971ms] [LOG] [Fast Refresh] done in 137ms @ http://localhost:3000/_next/static/chunks/0fxd_next_dist_1_jg8jr._.js:2477
[ 5087725ms] [WARNING] WebSocket connection to 'ws://localhost:8080/api/v1/kitchen/kds/b0000001-0000-4000-8000-000000000001/DEFAULT?token=eyJraWQiOiJkZXYta2V5LTEiLCJhbGciOiJSUzI1NiJ9.eyJqdGkiOiJiMTAzMjQ0NS1hZmViLTQ3YzMtYWNmZi02MTVmYmEwMWViYzMiLCJzdWIiOiJjMDAwMDAxMS0wMDAwLTQwMDAtODAwMC0wMDAwMDAwMDAwMTEiLCJ0ZW5hbnRfaWQiOiJhMDAwMDAwMS0wMDAwLTQwMDAtODAwMC0wMDAwMDAwMDAwMDEiLCJicmFuY2hfaWQiOiJiMDAwMDAwMS0wMDAwLTQwMDAtODAwMC0wMDAwMDAwMDAwMDEiLCJyb2xlcyI6WyJNQU5BR0VSIl0sInBlcm1pc3Npb25zIjpbImZpbmFuY2UuYXIudmlldyIsImZpbmFuY2UuZXhwZW5zZS5hcHByb3ZlIiwiaW52ZW50b3J5...i5wby5jcmVhdGUiLCJ2ZW5kb3IucG8uc2VuZCIsInZlbmRvci52aWV3Il0sImF0dHJpYnV0ZXMiOnsiYXBwcm92YWxfbGltaXRfcGFpc2EiOjMwMDAwMDAwfSwiaWF0IjoxNzg0NjYwNzAyLCJleHAiOjE3ODQ2NjE2MDJ9.AVimnnqvAtxtGCYl4PItYdfZ7P8I5LF-y-3JRe91isulnCKkbm5ChJ4jNLbAGSfR7kc6RdIhakVkUjgalxCKyfpz9q_q60eggFiun2DNCb3H0agNukcGONO37x0MCp77DnVDF0PMscCl9jj-7RaTnPga6JZ-OGHVdw7ajNl08uEbzimOru7YZ18Fol9k9ZMv3DOdFVYndJUG8-xx4TaPAr65wgU_aWQ_t2kpws365W4-UDDzS59HUT2CCb3poy1E1Q1FHklym0R0PuWQtkZ9fV1ggKobKaj0OB6bR7xscVcfupbPgE0_KGEwBK1Q5tpg2J3WnaSm6gFRDCcoQvjPdA' failed: WebSocket is closed before the connection is established. @ http://localhost:3000/_next/static/chunks/_1n81tln._.js:547
[ 5088550ms] [LOG] [Fast Refresh] rebuilding @ http://localhost:3000/_next/static/chunks/0fxd_next_dist_1_jg8jr._.js:2477
[ 5088616ms] [LOG] [Fast Refresh] done in 170ms @ http://localhost:3000/_next/static/chunks/0fxd_next_dist_1_jg8jr._.js:2477
[ 5090811ms] [WARNING] WebSocket connection to 'ws://localhost:8080/api/v1/kitchen/kds/b0000001-0000-4000-8000-000000000001/DEFAULT?token=eyJraWQiOiJkZXYta2V5LTEiLCJhbGciOiJSUzI1NiJ9.eyJqdGkiOiJiMTAzMjQ0NS1hZmViLTQ3YzMtYWNmZi02MTVmYmEwMWViYzMiLCJzdWIiOiJjMDAwMDAxMS0wMDAwLTQwMDAtODAwMC0wMDAwMDAwMDAwMTEiLCJ0ZW5hbnRfaWQiOiJhMDAwMDAwMS0wMDAwLTQwMDAtODAwMC0wMDAwMDAwMDAwMDEiLCJicmFuY2hfaWQiOiJiMDAwMDAwMS0wMDAwLTQwMDAtODAwMC0wMDAwMDAwMDAwMDEiLCJyb2xlcyI6WyJNQU5BR0VSIl0sInBlcm1pc3Npb25zIjpbImZpbmFuY2UuYXIudmlldyIsImZpbmFuY2UuZXhwZW5zZS5hcHByb3ZlIiwiaW52ZW50b3J5...i5wby5jcmVhdGUiLCJ2ZW5kb3IucG8uc2VuZCIsInZlbmRvci52aWV3Il0sImF0dHJpYnV0ZXMiOnsiYXBwcm92YWxfbGltaXRfcGFpc2EiOjMwMDAwMDAwfSwiaWF0IjoxNzg0NjYwNzAyLCJleHAiOjE3ODQ2NjE2MDJ9.AVimnnqvAtxtGCYl4PItYdfZ7P8I5LF-y-3JRe91isulnCKkbm5ChJ4jNLbAGSfR7kc6RdIhakVkUjgalxCKyfpz9q_q60eggFiun2DNCb3H0agNukcGONO37x0MCp77DnVDF0PMscCl9jj-7RaTnPga6JZ-OGHVdw7ajNl08uEbzimOru7YZ18Fol9k9ZMv3DOdFVYndJUG8-xx4TaPAr65wgU_aWQ_t2kpws365W4-UDDzS59HUT2CCb3poy1E1Q1FHklym0R0PuWQtkZ9fV1ggKobKaj0OB6bR7xscVcfupbPgE0_KGEwBK1Q5tpg2J3WnaSm6gFRDCcoQvjPdA' failed: WebSocket is closed before the connection is established. @ http://localhost:3000/_next/static/chunks/_1n81tln._.js:547
[ 5121583ms] [WARNING] WebSocket connection to 'ws://localhost:8080/api/v1/kitchen/kds/b0000001-0000-4000-8000-000000000001/DEFAULT?token=eyJraWQiOiJkZXYta2V5LTEiLCJhbGciOiJSUzI1NiJ9.eyJqdGkiOiJiMTAzMjQ0NS1hZmViLTQ3YzMtYWNmZi02MTVmYmEwMWViYzMiLCJzdWIiOiJjMDAwMDAxMS0wMDAwLTQwMDAtODAwMC0wMDAwMDAwMDAwMTEiLCJ0ZW5hbnRfaWQiOiJhMDAwMDAwMS0wMDAwLTQwMDAtODAwMC0wMDAwMDAwMDAwMDEiLCJicmFuY2hfaWQiOiJiMDAwMDAwMS0wMDAwLTQwMDAtODAwMC0wMDAwMDAwMDAwMDEiLCJyb2xlcyI6WyJNQU5BR0VSIl0sInBlcm1pc3Npb25zIjpbImZpbmFuY2UuYXIudmlldyIsImZpbmFuY2UuZXhwZW5zZS5hcHByb3ZlIiwiaW52ZW50b3J5...i5wby5jcmVhdGUiLCJ2ZW5kb3IucG8uc2VuZCIsInZlbmRvci52aWV3Il0sImF0dHJpYnV0ZXMiOnsiYXBwcm92YWxfbGltaXRfcGFpc2EiOjMwMDAwMDAwfSwiaWF0IjoxNzg0NjYwNzAyLCJleHAiOjE3ODQ2NjE2MDJ9.AVimnnqvAtxtGCYl4PItYdfZ7P8I5LF-y-3JRe91isulnCKkbm5ChJ4jNLbAGSfR7kc6RdIhakVkUjgalxCKyfpz9q_q60eggFiun2DNCb3H0agNukcGONO37x0MCp77DnVDF0PMscCl9jj-7RaTnPga6JZ-OGHVdw7ajNl08uEbzimOru7YZ18Fol9k9ZMv3DOdFVYndJUG8-xx4TaPAr65wgU_aWQ_t2kpws365W4-UDDzS59HUT2CCb3poy1E1Q1FHklym0R0PuWQtkZ9fV1ggKobKaj0OB6bR7xscVcfupbPgE0_KGEwBK1Q5tpg2J3WnaSm6gFRDCcoQvjPdA' failed: WebSocket is closed before the connection is established. @ http://localhost:3000/_next/static/chunks/_1n81tln._.js:547
[ 5956927ms] [LOG] [Fast Refresh] rebuilding @ http://localhost:3000/_next/static/chunks/0fxd_next_dist_1_jg8jr._.js:2477
[ 5956998ms] [LOG] [Fast Refresh] done in 174ms @ http://localhost:3000/_next/static/chunks/0fxd_next_dist_1_jg8jr._.js:2477
[ 5957580ms] [LOG] [Fast Refresh] rebuilding @ http://localhost:3000/_next/static/chunks/0fxd_next_dist_1_jg8jr._.js:2477
[ 5957825ms] [LOG] [Fast Refresh] done in 347ms @ http://localhost:3000/_next/static/chunks/0fxd_next_dist_1_jg8jr._.js:2477
[ 5958618ms] [LOG] [Fast Refresh] rebuilding @ http://localhost:3000/_next/static/chunks/0fxd_next_dist_1_jg8jr._.js:2477
[ 5958645ms] [LOG] [Fast Refresh] done in 128ms @ http://localhost:3000/_next/static/chunks/0fxd_next_dist_1_jg8jr._.js:2477
[ 5968134ms] [ERROR] Failed to load resource: the server responded with a status of 401 (Unauthorized) @ http://localhost:8080/api/v1/kitchen/kds/tickets?branchId=b0000001-0000-4000-8000-000000000001&status=PENDING,COOKING,READY&stationCode=DEFAULT:0
[ 5968224ms] [ERROR] Failed to load resource: the server responded with a status of 401 (Unauthorized) @ http://localhost:8080/api/v1/auth/refresh:0
[ 5968666ms] [INFO] %cDownload the React DevTools for a better development experience: https://react.dev/link/react-devtools font-weight:bold @ http://localhost:3000/_next/static/chunks/0fxd_next_dist_1_jg8jr._.js:2477
[ 5968735ms] [LOG] [HMR] connected @ http://localhost:3000/_next/static/chunks/0fxd_next_dist_1_jg8jr._.js:2477
[ 6519142ms] [ERROR] Failed to load resource: the server responded with a status of 503 (Service Unavailable) @ http://localhost:8080/api/v1/auth/login:0
[ 6525021ms] [LOG] [Fast Refresh] rebuilding @ http://localhost:3000/_next/static/chunks/0fxd_next_dist_1_jg8jr._.js:2477
[ 6525134ms] [LOG] [Fast Refresh] done in 216ms @ http://localhost:3000/_next/static/chunks/0fxd_next_dist_1_jg8jr._.js:2477
[ 6525296ms] [LOG] [Fast Refresh] rebuilding @ http://localhost:3000/_next/static/chunks/0fxd_next_dist_1_jg8jr._.js:2477
[ 6525440ms] [LOG] [Fast Refresh] done in 245ms @ http://localhost:3000/_next/static/chunks/0fxd_next_dist_1_jg8jr._.js:2477
[ 6531667ms] [LOG] [Fast Refresh] rebuilding @ http://localhost:3000/_next/static/chunks/0fxd_next_dist_1_jg8jr._.js:2477
[ 6531700ms] [LOG] [Fast Refresh] done in 139ms @ http://localhost:3000/_next/static/chunks/0fxd_next_dist_1_jg8jr._.js:2477
[ 6532888ms] [WARNING] WebSocket connection to 'ws://localhost:8080/api/v1/kitchen/kds/b0000001-0000-4000-8000-000000000001/DEFAULT?token=eyJraWQiOiJkZXYta2V5LTEiLCJhbGciOiJSUzI1NiJ9.eyJqdGkiOiIyODM5NjA2Mi04MzYyLTQ0MmEtOWExMC02NjQ2NDE3ZTk3M2QiLCJzdWIiOiJjMDAwMDAxMS0wMDAwLTQwMDAtODAwMC0wMDAwMDAwMDAwMTEiLCJ0ZW5hbnRfaWQiOiJhMDAwMDAwMS0wMDAwLTQwMDAtODAwMC0wMDAwMDAwMDAwMDEiLCJicmFuY2hfaWQiOiJiMDAwMDAwMS0wMDAwLTQwMDAtODAwMC0wMDAwMDAwMDAwMDEiLCJyb2xlcyI6WyJNQU5BR0VSIl0sInBlcm1pc3Npb25zIjpbImZpbmFuY2UuYXIudmlldyIsImZpbmFuY2UuZXhwZW5zZS5hcHByb3ZlIiwiaW52ZW50b3J5...i5wby5jcmVhdGUiLCJ2ZW5kb3IucG8uc2VuZCIsInZlbmRvci52aWV3Il0sImF0dHJpYnV0ZXMiOnsiYXBwcm92YWxfbGltaXRfcGFpc2EiOjMwMDAwMDAwfSwiaWF0IjoxNzg0NjYyMTY3LCJleHAiOjE3ODQ2NjMwNjd9.C1R8_3h9IGBiUN1gowkoUcPQJRDozvBKfbf9NzO6dr-I8vkbJ9JiGjDHl4o5p_4gJCPBJTowgdW_OXiYqn8tp3sTkvt_Xz7Ee3K9NTg_wpkbnWbxFkKRMyWiE3YOAw3l-6k743jy5CceV-vqd4fiBWwq4BwudG6m09tunLzv9BpmiF1O5Jb4TvxNvFIVUm2dBkluoeIo9zQ6uP07l9VCJaXSsvTaOeNVwlPycBtJZvaY0kSDjW1Q2FgVquhh7a9oauzm7pV1t2_MdYyDq-hDbqqXpzvw_mEqr0xgZbiTywmC_sBAds5XQNJc_gMKcYPA4YN-4K2wXYpaXNpAyrdZPA' failed: WebSocket is closed before the connection is established. @ http://localhost:3000/_next/static/chunks/_1n81tln._.js:547
[ 6535198ms] [LOG] [Fast Refresh] rebuilding @ http://localhost:3000/_next/static/chunks/0fxd_next_dist_1_jg8jr._.js:2477
[ 6535484ms] [LOG] [Fast Refresh] done in 387ms @ http://localhost:3000/_next/static/chunks/0fxd_next_dist_1_jg8jr._.js:2477
[ 6804952ms] [LOG] [Fast Refresh] rebuilding @ http://localhost:3000/_next/static/chunks/0fxd_next_dist_1_jg8jr._.js:2477
[ 6805157ms] [LOG] [Fast Refresh] done in 306ms @ http://localhost:3000/_next/static/chunks/0fxd_next_dist_1_jg8jr._.js:2477
[ 6809230ms] [LOG] [Fast Refresh] rebuilding @ http://localhost:3000/_next/static/chunks/0fxd_next_dist_1_jg8jr._.js:2477
[ 6809300ms] [LOG] [Fast Refresh] done in 171ms @ http://localhost:3000/_next/static/chunks/0fxd_next_dist_1_jg8jr._.js:2477
[ 6818330ms] [LOG] [Fast Refresh] rebuilding @ http://localhost:3000/_next/static/chunks/0fxd_next_dist_1_jg8jr._.js:2477
[ 6818332ms] [LOG] [Fast Refresh] done in 107ms @ http://localhost:3000/_next/static/chunks/0fxd_next_dist_1_jg8jr._.js:2477
[ 6864613ms] [WARNING] WebSocket connection to 'ws://localhost:8080/api/v1/kitchen/kds/b0000001-0000-4000-8000-000000000001/DEFAULT?token=eyJraWQiOiJkZXYta2V5LTEiLCJhbGciOiJSUzI1NiJ9.eyJqdGkiOiIwMGEzNmE4Yi0zN2EzLTQ1NTQtYjQ2OC0xMjVjNDhmYWEyMDEiLCJzdWIiOiJjMDAwMDAxMS0wMDAwLTQwMDAtODAwMC0wMDAwMDAwMDAwMTEiLCJ0ZW5hbnRfaWQiOiJhMDAwMDAwMS0wMDAwLTQwMDAtODAwMC0wMDAwMDAwMDAwMDEiLCJicmFuY2hfaWQiOiJiMDAwMDAwMS0wMDAwLTQwMDAtODAwMC0wMDAwMDAwMDAwMDEiLCJyb2xlcyI6WyJNQU5BR0VSIl0sInBlcm1pc3Npb25zIjpbImZpbmFuY2UuYXIudmlldyIsImZpbmFuY2UuZXhwZW5zZS5hcHByb3ZlIiwiaW52ZW50b3J5...i5wby5jcmVhdGUiLCJ2ZW5kb3IucG8uc2VuZCIsInZlbmRvci52aWV3Il0sImF0dHJpYnV0ZXMiOnsiYXBwcm92YWxfbGltaXRfcGFpc2EiOjMwMDAwMDAwfSwiaWF0IjoxNzg0NjYyNDU3LCJleHAiOjE3ODQ2NjMzNTd9.OXdtkNk-wBTT5dSq0QmxpMydxjbOi4HwzLbR8tClreFkIl7g8zZllTCuY4c_WaJw3OQ4hdDzUV1cJozTEpG4X6l3kGrSuHAg2XNT6t0buh1nISqprcLoew6X2wPiZLTlT_-mo6jiVod0PV9EP3NJskVCwZEzEsrBXAP0gLHTxsZKcZ9BBF-cA_3VXNWVLm3HwzwP__QxEjNhRnHWwWzUQSymPVTQaTMR9urj4lt8FfWMwzACDjHwiSrE0zj75WWnLeTKJik5UKegw-EPKBg6dYAygAJiQ_MWQT0zSH-Nfyb_KnuUQOL8NpZ8pB6qcy5VVAtnMnKYP_76O9ZO9ppc9A' failed: WebSocket is closed before the connection is established. @ http://localhost:3000/_next/static/chunks/_1n81tln._.js:547
[ 6873636ms] [LOG] [Fast Refresh] rebuilding @ http://localhost:3000/_next/static/chunks/0fxd_next_dist_1_jg8jr._.js:2477
[ 6873687ms] [LOG] [Fast Refresh] done in 152ms @ http://localhost:3000/_next/static/chunks/0fxd_next_dist_1_jg8jr._.js:2477
[ 6873823ms] [LOG] [Fast Refresh] rebuilding @ http://localhost:3000/_next/static/chunks/0fxd_next_dist_1_jg8jr._.js:2477
[ 6873845ms] [LOG] [Fast Refresh] done in 125ms @ http://localhost:3000/_next/static/chunks/0fxd_next_dist_1_jg8jr._.js:2477
[ 6880500ms] [INFO] %cDownload the React DevTools for a better development experience: https://react.dev/link/react-devtools font-weight:bold @ http://localhost:3000/_next/static/chunks/0fxd_next_dist_1_jg8jr._.js:2477
[ 6880569ms] [LOG] [HMR] connected @ http://localhost:3000/_next/static/chunks/0fxd_next_dist_1_jg8jr._.js:2477
[ 6883829ms] [WARNING] WebSocket connection to 'ws://localhost:8080/api/v1/kitchen/kds/b0000001-0000-4000-8000-000000000001/DEFAULT?token=eyJraWQiOiJkZXYta2V5LTEiLCJhbGciOiJSUzI1NiJ9.eyJqdGkiOiI3YjFiNmNjMi1hOTc0LTRmZTYtOTAzNC0xZGRkYTAzOGZlMzkiLCJzdWIiOiJjMDAwMDAxMS0wMDAwLTQwMDAtODAwMC0wMDAwMDAwMDAwMTEiLCJ0ZW5hbnRfaWQiOiJhMDAwMDAwMS0wMDAwLTQwMDAtODAwMC0wMDAwMDAwMDAwMDEiLCJicmFuY2hfaWQiOiJiMDAwMDAwMS0wMDAwLTQwMDAtODAwMC0wMDAwMDAwMDAwMDEiLCJyb2xlcyI6WyJNQU5BR0VSIl0sInBlcm1pc3Npb25zIjpbImZpbmFuY2UuYXIudmlldyIsImZpbmFuY2UuZXhwZW5zZS5hcHByb3ZlIiwiaW52ZW50b3J5...i5wby5jcmVhdGUiLCJ2ZW5kb3IucG8uc2VuZCIsInZlbmRvci52aWV3Il0sImF0dHJpYnV0ZXMiOnsiYXBwcm92YWxfbGltaXRfcGFpc2EiOjMwMDAwMDAwfSwiaWF0IjoxNzg0NjYyNTIwLCJleHAiOjE3ODQ2NjM0MjB9.QJvkmMi_ID2-qZomudWECpkFIM6wAcbGUkw3J0ZLyOgVn5TpD2zo38dVkBNE1Womk-D_BtZ2ePsf4O0ifjyPJWwSDjE33xeHGavPlNt3rsSt4mzhGyDklM5D_eBO_ZtbXcZZ-MMit26rxvtcaTUm5V5wFF08XYi0jtucKo3DTnrIbaeSLe9ccH-N-TpM5SDyoFitpQLWEH2xmK6dje6Ifil0Sk6yu31s7h_OvmbbqMCKHViGnOrTA6WIyr4WfVuj-rWM2q75QahzgnLIKZzzcLBZSDAPp6nxuA-2tUALg1h2pAs625TNmraz4xQAlZGQR-x1WmyFWRgkGv55DvkvDw' failed: WebSocket is closed before the connection is established. @ http://localhost:3000/_next/static/chunks/_1n81tln._.js:547
[ 6895250ms] [LOG] [Fast Refresh] rebuilding @ http://localhost:3000/_next/static/chunks/0fxd_next_dist_1_jg8jr._.js:2477
[ 6895309ms] [LOG] [Fast Refresh] done in 161ms @ http://localhost:3000/_next/static/chunks/0fxd_next_dist_1_jg8jr._.js:2477
[ 6907886ms] [INFO] %cDownload the React DevTools for a better development experience: https://react.dev/link/react-devtools font-weight:bold @ http://localhost:3000/_next/static/chunks/0fxd_next_dist_1_jg8jr._.js:2477
[ 6907945ms] [LOG] [HMR] connected @ http://localhost:3000/_next/static/chunks/0fxd_next_dist_1_jg8jr._.js:2477
[ 6908069ms] [LOG] [Fast Refresh] rebuilding @ http://localhost:3000/_next/static/chunks/0fxd_next_dist_1_jg8jr._.js:2477
[ 6908088ms] [LOG] [Fast Refresh] done in 121ms @ http://localhost:3000/_next/static/chunks/0fxd_next_dist_1_jg8jr._.js:2477
[ 6908596ms] [WARNING] WebSocket connection to 'ws://localhost:8080/api/v1/kitchen/kds/b0000001-0000-4000-8000-000000000001/DEFAULT?token=eyJraWQiOiJkZXYta2V5LTEiLCJhbGciOiJSUzI1NiJ9.eyJqdGkiOiIwYzI1MWMyMS02ZThmLTQ4N2EtYWYzZi03M2IwY2ZkOGIzMjIiLCJzdWIiOiJjMDAwMDAxMS0wMDAwLTQwMDAtODAwMC0wMDAwMDAwMDAwMTEiLCJ0ZW5hbnRfaWQiOiJhMDAwMDAwMS0wMDAwLTQwMDAtODAwMC0wMDAwMDAwMDAwMDEiLCJicmFuY2hfaWQiOiJiMDAwMDAwMS0wMDAwLTQwMDAtODAwMC0wMDAwMDAwMDAwMDEiLCJyb2xlcyI6WyJNQU5BR0VSIl0sInBlcm1pc3Npb25zIjpbImZpbmFuY2UuYXIudmlldyIsImZpbmFuY2UuZXhwZW5zZS5hcHByb3ZlIiwiaW52ZW50b3J5...i5wby5jcmVhdGUiLCJ2ZW5kb3IucG8uc2VuZCIsInZlbmRvci52aWV3Il0sImF0dHJpYnV0ZXMiOnsiYXBwcm92YWxfbGltaXRfcGFpc2EiOjMwMDAwMDAwfSwiaWF0IjoxNzg0NjYyNTQ3LCJleHAiOjE3ODQ2NjM0NDd9.NZDY821saslP4Pvef7vHLWdfmXoQ9hmzHrkYqqSG2O7SiXfWUDMmUT_b3dbFza-v8_xFV2AU74YmZ76Ytdw2gqS8toswSZNITdGQ2sMbedt8FqVgta7TT_z7rqsgBBLZWoUSnNJ1FMAnx-pJuJp-eCOn9r7-lau9jt6MgIPADMY_M1pMTqQNfH5PTV0qVXq4ffFIXOwSxPaz7YVw88LsqBe5AvHmjxF_u-RzlVug9sZByJjCQzwYpyDIKMKUYu7YzWVTgZLTioMcOW0WuiRqBuW9UVkoYZTZ-lxNzuHPBPW9kO6wUPW6i_Zfa29LR51E65YTCLTYZuZMT5xAO0Hs9w' failed: WebSocket is closed before the connection is established. @ http://localhost:3000/_next/static/chunks/_1n81tln._.js:547
[ 7105470ms] [LOG] [Fast Refresh] rebuilding @ http://localhost:3000/_next/static/chunks/0fxd_next_dist_1_jg8jr._.js:2477
[ 7106132ms] [LOG] [Fast Refresh] done in 765ms @ http://localhost:3000/_next/static/chunks/0fxd_next_dist_1_jg8jr._.js:2477
[ 7106321ms] [LOG] [Fast Refresh] rebuilding @ http://localhost:3000/_next/static/chunks/0fxd_next_dist_1_jg8jr._.js:2477
[ 7106611ms] [LOG] [Fast Refresh] done in 390ms @ http://localhost:3000/_next/static/chunks/0fxd_next_dist_1_jg8jr._.js:2477
[ 7809049ms] [ERROR] Failed to load resource: the server responded with a status of 401 (Unauthorized) @ http://localhost:8080/api/v1/kitchen/kds/tickets?branchId=b0000001-0000-4000-8000-000000000001&status=PENDING,COOKING,READY&stationCode=DEFAULT:0
[ 7809452ms] [ERROR] Failed to load resource: the server responded with a status of 401 (Unauthorized) @ http://localhost:8080/api/v1/auth/refresh:0
[ 7810933ms] [LOG] [Fast Refresh] rebuilding @ http://localhost:3000/_next/static/chunks/0fxd_next_dist_1_jg8jr._.js:2477
[ 7811438ms] [LOG] [Fast Refresh] done in 608ms @ http://localhost:3000/_next/static/chunks/0fxd_next_dist_1_jg8jr._.js:2477
[ 7812001ms] [INFO] %cDownload the React DevTools for a better development experience: https://react.dev/link/react-devtools font-weight:bold @ http://localhost:3000/_next/static/chunks/0fxd_next_dist_1_jg8jr._.js:2477
[ 7812097ms] [LOG] [HMR] connected @ http://localhost:3000/_next/static/chunks/0fxd_next_dist_1_jg8jr._.js:2477
[ 7812245ms] [LOG] [Fast Refresh] rebuilding @ http://localhost:3000/_next/static/chunks/0fxd_next_dist_1_jg8jr._.js:2477
[ 7812375ms] [LOG] [Fast Refresh] done in 236ms @ http://localhost:3000/_next/static/chunks/0fxd_next_dist_1_jg8jr._.js:2477
