[     241ms] [LOG] [Fast Refresh] rebuilding @ http://localhost:3000/_next/static/chunks/0fxd_next_dist_1_jg8jr._.js:2477
[    5306ms] [LOG] [Fast Refresh] done in 5168ms @ http://localhost:3000/_next/static/chunks/0fxd_next_dist_1_jg8jr._.js:2477
[    5412ms] [LOG] [Fast Refresh] rebuilding @ http://localhost:3000/_next/static/chunks/0fxd_next_dist_1_jg8jr._.js:2477
[    6184ms] [LOG] [Fast Refresh] done in 873ms @ http://localhost:3000/_next/static/chunks/0fxd_next_dist_1_jg8jr._.js:2477
[    6410ms] [INFO] %cDownload the React DevTools for a better development experience: https://react.dev/link/react-devtools font-weight:bold @ http://localhost:3000/_next/static/chunks/0fxd_next_dist_1_jg8jr._.js:2477
[    6567ms] [LOG] [HMR] connected @ http://localhost:3000/_next/static/chunks/0fxd_next_dist_1_jg8jr._.js:2477
[    6825ms] [LOG] [Fast Refresh] rebuilding @ http://localhost:3000/_next/static/chunks/0fxd_next_dist_1_jg8jr._.js:2477
[    7117ms] [LOG] [Fast Refresh] done in 405ms @ http://localhost:3000/_next/static/chunks/0fxd_next_dist_1_jg8jr._.js:2477
[   10126ms] [ERROR] Failed to load resource: the server responded with a status of 503 (Service Unavailable) @ http://localhost:8080/api/v1/purchasing/vendors:0
[   13117ms] [ERROR] Failed to load resource: the server responded with a status of 503 (Service Unavailable) @ http://localhost:8080/api/v1/purchasing/vendors:0
[22900142ms] [ERROR] WebSocket connection to 'ws://localhost:3000/_next/webpack-hmr?id=6JzQ6IgP3LJDguMApJNoF' failed: Error in connection establishment: net::ERR_CONNECTION_REFUSED @ http://localhost:3000/_next/static/chunks/0fxd_next_dist_client_0z-o077._.js:13422
[22901161ms] [ERROR] WebSocket connection to 'ws://localhost:3000/_next/webpack-hmr?id=6JzQ6IgP3LJDguMApJNoF' failed: Error in connection establishment: net::ERR_CONNECTION_REFUSED @ http://localhost:3000/_next/static/chunks/0fxd_next_dist_client_0z-o077._.js:13422
[22902171ms] [ERROR] WebSocket connection to 'ws://localhost:3000/_next/webpack-hmr?id=6JzQ6IgP3LJDguMApJNoF' failed: Error in connection establishment: net::ERR_CONNECTION_REFUSED @ http://localhost:3000/_next/static/chunks/0fxd_next_dist_client_0z-o077._.js:13422
[22903176ms] [ERROR] WebSocket connection to 'ws://localhost:3000/_next/webpack-hmr?id=6JzQ6IgP3LJDguMApJNoF' failed: Error in connection establishment: net::ERR_CONNECTION_REFUSED @ http://localhost:3000/_next/static/chunks/0fxd_next_dist_client_0z-o077._.js:13422
[22904192ms] [ERROR] WebSocket connection to 'ws://localhost:3000/_next/webpack-hmr?id=6JzQ6IgP3LJDguMApJNoF' failed: Error in connection establishment: net::ERR_CONNECTION_REFUSED @ http://localhost:3000/_next/static/chunks/0fxd_next_dist_client_0z-o077._.js:13422
[22909205ms] [ERROR] WebSocket connection to 'ws://localhost:3000/_next/webpack-hmr?id=6JzQ6IgP3LJDguMApJNoF' failed: Error in connection establishment: net::ERR_CONNECTION_REFUSED @ http://localhost:3000/_next/static/chunks/0fxd_next_dist_client_0z-o077._.js:13422
[22914220ms] [ERROR] WebSocket connection to 'ws://localhost:3000/_next/webpack-hmr?id=6JzQ6IgP3LJDguMApJNoF' failed: Error in connection establishment: net::ERR_CONNECTION_REFUSED @ http://localhost:3000/_next/static/chunks/0fxd_next_dist_client_0z-o077._.js:13422
[22919249ms] [ERROR] WebSocket connection to 'ws://localhost:3000/_next/webpack-hmr?id=6JzQ6IgP3LJDguMApJNoF' failed: Error in connection establishment: net::ERR_CONNECTION_REFUSED @ http://localhost:3000/_next/static/chunks/0fxd_next_dist_client_0z-o077._.js:13422
[22924297ms] [ERROR] WebSocket connection to 'ws://localhost:3000/_next/webpack-hmr?id=6JzQ6IgP3LJDguMApJNoF' failed: Error in connection establishment: net::ERR_CONNECTION_REFUSED @ http://localhost:3000/_next/static/chunks/0fxd_next_dist_client_0z-o077._.js:13422
[22929330ms] [ERROR] WebSocket connection to 'ws://localhost:3000/_next/webpack-hmr?id=6JzQ6IgP3LJDguMApJNoF' failed: Error in connection establishment: net::ERR_CONNECTION_REFUSED @ http://localhost:3000/_next/static/chunks/0fxd_next_dist_client_0z-o077._.js:13422
[22934480ms] [ERROR] WebSocket connection to 'ws://localhost:3000/_next/webpack-hmr?id=6JzQ6IgP3LJDguMApJNoF' failed: Error in connection establishment: net::ERR_CONNECTION_REFUSED @ http://localhost:3000/_next/static/chunks/0fxd_next_dist_client_0z-o077._.js:13422
[22939696ms] [ERROR] WebSocket connection to 'ws://localhost:3000/_next/webpack-hmr?id=6JzQ6IgP3LJDguMApJNoF' failed: Error in connection establishment: net::ERR_CONNECTION_REFUSED @ http://localhost:3000/_next/static/chunks/0fxd_next_dist_client_0z-o077._.js:13422
[23037254ms] [ERROR] Failed to load resource: the server responded with a status of 404 (Not Found) @ http://localhost:3000/app/purchasing/vendors:0
