[ 1330736ms] [LOG] [HMR] connected @ http://localhost:3000/_next/static/chunks/0fxd_next_dist_1_jg8jr._.js:2477
[ 1330906ms] [LOG] [Fast Refresh] rebuilding @ http://localhost:3000/_next/static/chunks/0fxd_next_dist_1_jg8jr._.js:2477
[ 1330923ms] [LOG] [Fast Refresh] done in 118ms @ http://localhost:3000/_next/static/chunks/0fxd_next_dist_1_jg8jr._.js:2477
[12403891ms] [ERROR] Failed to load resource: the server responded with a status of 401 (Unauthorized) @ http://localhost:8080/api/v1/branches/mine:0
[12403902ms] [ERROR] Failed to load resource: the server responded with a status of 401 (Unauthorized) @ http://localhost:8080/api/v1/feature-flags:0
[12404158ms] [ERROR] Failed to load resource: the server responded with a status of 401 (Unauthorized) @ http://localhost:8080/api/v1/auth/refresh:0
[12404346ms] [ERROR] Failed to load resource: the server responded with a status of 401 (Unauthorized) @ http://localhost:8080/api/v1/auth/refresh:0
[12404670ms] [LOG] [Fast Refresh] rebuilding @ http://localhost:3000/_next/static/chunks/0fxd_next_dist_1_jg8jr._.js:2477
[12404915ms] [LOG] [Fast Refresh] done in 348ms @ http://localhost:3000/_next/static/chunks/0fxd_next_dist_1_jg8jr._.js:2477
[12405114ms] [LOG] [Fast Refresh] rebuilding @ http://localhost:3000/_next/static/chunks/0fxd_next_dist_1_jg8jr._.js:2477
[12405218ms] [ERROR] Failed to load resource: the server responded with a status of 401 (Unauthorized) @ http://localhost:8080/api/v1/branches/mine:0
[12405277ms] [LOG] [Fast Refresh] done in -32ms @ http://localhost:3000/_next/static/chunks/0fxd_next_dist_1_jg8jr._.js:2477
[12406187ms] [INFO] %cDownload the React DevTools for a better development experience: https://react.dev/link/react-devtools font-weight:bold @ http://localhost:3000/_next/static/chunks/0fxd_next_dist_1_jg8jr._.js:2477
[12406397ms] [LOG] [HMR] connected @ http://localhost:3000/_next/static/chunks/0fxd_next_dist_1_jg8jr._.js:2477
[12406571ms] [LOG] [Fast Refresh] rebuilding @ http://localhost:3000/_next/static/chunks/0fxd_next_dist_1_jg8jr._.js:2477
[12406740ms] [LOG] [Fast Refresh] done in 271ms @ http://localhost:3000/_next/static/chunks/0fxd_next_dist_1_jg8jr._.js:2477
[12407338ms] [LOG] [Fast Refresh] rebuilding @ http://localhost:3000/_next/static/chunks/0fxd_next_dist_1_jg8jr._.js:2477
[12407352ms] [LOG] [Fast Refresh] done in 115ms @ http://localhost:3000/_next/static/chunks/0fxd_next_dist_1_jg8jr._.js:2477
[13936893ms] [ERROR] WebSocket connection to 'ws://localhost:3000/_next/webpack-hmr?id=6JIvJ6DdIza_vg3ADYk79' failed: Error in connection establishment: net::ERR_CONNECTION_REFUSED @ http://localhost:3000/_next/static/chunks/0fxd_next_dist_client_0z-o077._.js:13422
[13937896ms] [ERROR] WebSocket connection to 'ws://localhost:3000/_next/webpack-hmr?id=6JIvJ6DdIza_vg3ADYk79' failed: Error in connection establishment: net::ERR_CONNECTION_REFUSED @ http://localhost:3000/_next/static/chunks/0fxd_next_dist_client_0z-o077._.js:13422
[13938901ms] [ERROR] WebSocket connection to 'ws://localhost:3000/_next/webpack-hmr?id=6JIvJ6DdIza_vg3ADYk79' failed: Error in connection establishment: net::ERR_CONNECTION_REFUSED @ http://localhost:3000/_next/static/chunks/0fxd_next_dist_client_0z-o077._.js:13422
[13939904ms] [ERROR] WebSocket connection to 'ws://localhost:3000/_next/webpack-hmr?id=6JIvJ6DdIza_vg3ADYk79' failed: Error in connection establishment: net::ERR_CONNECTION_REFUSED @ http://localhost:3000/_next/static/chunks/0fxd_next_dist_client_0z-o077._.js:13422
[13940905ms] [ERROR] WebSocket connection to 'ws://localhost:3000/_next/webpack-hmr?id=6JIvJ6DdIza_vg3ADYk79' failed: Error in connection establishment: net::ERR_CONNECTION_REFUSED @ http://localhost:3000/_next/static/chunks/0fxd_next_dist_client_0z-o077._.js:13422
[13945910ms] [ERROR] WebSocket connection to 'ws://localhost:3000/_next/webpack-hmr?id=6JIvJ6DdIza_vg3ADYk79' failed: Error in connection establishment: net::ERR_CONNECTION_REFUSED @ http://localhost:3000/_next/static/chunks/0fxd_next_dist_client_0z-o077._.js:13422
[13950914ms] [ERROR] WebSocket connection to 'ws://localhost:3000/_next/webpack-hmr?id=6JIvJ6DdIza_vg3ADYk79' failed: Error in connection establishment: net::ERR_CONNECTION_REFUSED @ http://localhost:3000/_next/static/chunks/0fxd_next_dist_client_0z-o077._.js:13422
[13955918ms] [ERROR] WebSocket connection to 'ws://localhost:3000/_next/webpack-hmr?id=6JIvJ6DdIza_vg3ADYk79' failed: Error in connection establishment: net::ERR_CONNECTION_REFUSED @ http://localhost:3000/_next/static/chunks/0fxd_next_dist_client_0z-o077._.js:13422
