[    1021ms] [INFO] %cDownload the React DevTools for a better development experience: https://react.dev/link/react-devtools font-weight:bold @ http://localhost:3000/_next/static/chunks/0fxd_next_dist_1_jg8jr._.js:2477
[    1044ms] [LOG] [HMR] connected @ http://localhost:3000/_next/static/chunks/0fxd_next_dist_1_jg8jr._.js:2477
[    1199ms] [LOG] [Fast Refresh] rebuilding @ http://localhost:3000/_next/static/chunks/0fxd_next_dist_1_jg8jr._.js:2477
[    1287ms] [LOG] [Fast Refresh] done in 190ms @ http://localhost:3000/_next/static/chunks/0fxd_next_dist_1_jg8jr._.js:2477
[   25314ms] [LOG] [Fast Refresh] rebuilding @ http://localhost:3000/_next/static/chunks/0fxd_next_dist_1_jg8jr._.js:2477
[   25357ms] [LOG] [Fast Refresh] done in 145ms @ http://localhost:3000/_next/static/chunks/0fxd_next_dist_1_jg8jr._.js:2477
[   25514ms] [LOG] [Fast Refresh] rebuilding @ http://localhost:3000/_next/static/chunks/0fxd_next_dist_1_jg8jr._.js:2477
[   25654ms] [LOG] [Fast Refresh] done in 261ms @ http://localhost:3000/_next/static/chunks/0fxd_next_dist_1_jg8jr._.js:2477
[   31916ms] [LOG] [Fast Refresh] rebuilding @ http://localhost:3000/_next/static/chunks/0fxd_next_dist_1_jg8jr._.js:2477
[   31922ms] [LOG] [Fast Refresh] done in 108ms @ http://localhost:3000/_next/static/chunks/0fxd_next_dist_1_jg8jr._.js:2477
[   32048ms] [LOG] [Fast Refresh] rebuilding @ http://localhost:3000/_next/static/chunks/0fxd_next_dist_1_jg8jr._.js:2477
[   32135ms] [LOG] [Fast Refresh] done in 189ms @ http://localhost:3000/_next/static/chunks/0fxd_next_dist_1_jg8jr._.js:2477
[  717307ms] [LOG] [Fast Refresh] rebuilding @ http://localhost:3000/_next/static/chunks/0fxd_next_dist_1_jg8jr._.js:2477
[  721389ms] [LOG] [Fast Refresh] done in 4183ms @ http://localhost:3000/_next/static/chunks/0fxd_next_dist_1_jg8jr._.js:2477
[  762445ms] [LOG] [Fast Refresh] rebuilding @ http://localhost:3000/_next/static/chunks/0fxd_next_dist_1_jg8jr._.js:2477
[  763465ms] [LOG] [Fast Refresh] done in 1120ms @ http://localhost:3000/_next/static/chunks/0fxd_next_dist_1_jg8jr._.js:2477
[  767476ms] [LOG] [Fast Refresh] rebuilding @ http://localhost:3000/_next/static/chunks/0fxd_next_dist_1_jg8jr._.js:2477
[  768578ms] [LOG] [Fast Refresh] done in 1203ms @ http://localhost:3000/_next/static/chunks/0fxd_next_dist_1_jg8jr._.js:2477
[  773698ms] [LOG] [Fast Refresh] rebuilding @ http://localhost:3000/_next/static/chunks/0fxd_next_dist_1_jg8jr._.js:2477
[  774306ms] [LOG] [Fast Refresh] done in 709ms @ http://localhost:3000/_next/static/chunks/0fxd_next_dist_1_jg8jr._.js:2477
