[     771ms] [INFO] %cDownload the React DevTools for a better development experience: https://react.dev/link/react-devtools font-weight:bold @ http://localhost:3000/_next/static/chunks/0fxd_next_dist_1_jg8jr._.js:2477
[     872ms] [LOG] [HMR] connected @ http://localhost:3000/_next/static/chunks/0fxd_next_dist_1_jg8jr._.js:2477
[   69129ms] [LOG] [Fast Refresh] rebuilding @ http://localhost:3000/_next/static/chunks/0fxd_next_dist_1_jg8jr._.js:2477
[   71426ms] [LOG] [Fast Refresh] done in 2398ms @ http://localhost:3000/_next/static/chunks/0fxd_next_dist_1_jg8jr._.js:2477
[   71969ms] [ERROR] A param property was accessed directly with `params.id`. `params` is a Promise and must be unwrapped with `React.use()` before accessing its properties. Learn more: https://nextjs.org/docs/messages/sync-dynamic-apis @ http://localhost:3000/_next/static/chunks/0fxd_next_dist_1_jg8jr._.js:3318
[   71970ms] [ERROR] A param property was accessed directly with `params.id`. `params` is a Promise and must be unwrapped with `React.use()` before accessing its properties. Learn more: https://nextjs.org/docs/messages/sync-dynamic-apis @ http://localhost:3000/_next/static/chunks/0fxd_next_dist_1_jg8jr._.js:3318
[   71970ms] [ERROR] A param property was accessed directly with `params.id`. `params` is a Promise and must be unwrapped with `React.use()` before accessing its properties. Learn more: https://nextjs.org/docs/messages/sync-dynamic-apis @ http://localhost:3000/_next/static/chunks/0fxd_next_dist_1_jg8jr._.js:3318
[   71970ms] [ERROR] A param property was accessed directly with `params.id`. `params` is a Promise and must be unwrapped with `React.use()` before accessing its properties. Learn more: https://nextjs.org/docs/messages/sync-dynamic-apis @ http://localhost:3000/_next/static/chunks/0fxd_next_dist_1_jg8jr._.js:3318
[   71970ms] [ERROR] A param property was accessed directly with `params.id`. `params` is a Promise and must be unwrapped with `React.use()` before accessing its properties. Learn more: https://nextjs.org/docs/messages/sync-dynamic-apis @ http://localhost:3000/_next/static/chunks/0fxd_next_dist_1_jg8jr._.js:3318
[   71970ms] [ERROR] A param property was accessed directly with `params.id`. `params` is a Promise and must be unwrapped with `React.use()` before accessing its properties. Learn more: https://nextjs.org/docs/messages/sync-dynamic-apis @ http://localhost:3000/_next/static/chunks/0fxd_next_dist_1_jg8jr._.js:3318
[   71970ms] [ERROR] A param property was accessed directly with `params.id`. `params` is a Promise and must be unwrapped with `React.use()` before accessing its properties. Learn more: https://nextjs.org/docs/messages/sync-dynamic-apis @ http://localhost:3000/_next/static/chunks/0fxd_next_dist_1_jg8jr._.js:3318
[   71970ms] [ERROR] A param property was accessed directly with `params.id`. `params` is a Promise and must be unwrapped with `React.use()` before accessing its properties. Learn more: https://nextjs.org/docs/messages/sync-dynamic-apis @ http://localhost:3000/_next/static/chunks/0fxd_next_dist_1_jg8jr._.js:3318
[   71970ms] [ERROR] A param property was accessed directly with `params.id`. `params` is a Promise and must be unwrapped with `React.use()` before accessing its properties. Learn more: https://nextjs.org/docs/messages/sync-dynamic-apis @ http://localhost:3000/_next/static/chunks/0fxd_next_dist_1_jg8jr._.js:3318
[   71971ms] [ERROR] A param property was accessed directly with `params.id`. `params` is a Promise and must be unwrapped with `React.use()` before accessing its properties. Learn more: https://nextjs.org/docs/messages/sync-dynamic-apis @ http://localhost:3000/_next/static/chunks/0fxd_next_dist_1_jg8jr._.js:3318
[   71971ms] [ERROR] A param property was accessed directly with `params.id`. `params` is a Promise and must be unwrapped with `React.use()` before accessing its properties. Learn more: https://nextjs.org/docs/messages/sync-dynamic-apis @ http://localhost:3000/_next/static/chunks/0fxd_next_dist_1_jg8jr._.js:3318
[   71971ms] [ERROR] A param property was accessed directly with `params.id`. `params` is a Promise and must be unwrapped with `React.use()` before accessing its properties. Learn more: https://nextjs.org/docs/messages/sync-dynamic-apis @ http://localhost:3000/_next/static/chunks/0fxd_next_dist_1_jg8jr._.js:3318
[   71971ms] [ERROR] A param property was accessed directly with `params.id`. `params` is a Promise and must be unwrapped with `React.use()` before accessing its properties. Learn more: https://nextjs.org/docs/messages/sync-dynamic-apis @ http://localhost:3000/_next/static/chunks/0fxd_next_dist_1_jg8jr._.js:3318
[   71971ms] [ERROR] A param property was accessed directly with `params.id`. `params` is a Promise and must be unwrapped with `React.use()` before accessing its properties. Learn more: https://nextjs.org/docs/messages/sync-dynamic-apis @ http://localhost:3000/_next/static/chunks/0fxd_next_dist_1_jg8jr._.js:3318
[   72119ms] [LOG] [Fast Refresh] rebuilding @ http://localhost:3000/_next/static/chunks/0fxd_next_dist_1_jg8jr._.js:2477
[   72124ms] [LOG] [Fast Refresh] done in 106ms @ http://localhost:3000/_next/static/chunks/0fxd_next_dist_1_jg8jr._.js:2477
